[0205/122131.875:ERROR:gl_surface_egl.cc(767)] EGL Driver message (Error) eglQueryDeviceAttribEXT: Bad attribute.
[0205/122131.905:ERROR:gl_surface_egl.cc(767)] EGL Driver message (Error) eglQueryDeviceAttribEXT: Bad attribute.
[0205/122131.908:ERROR:gl_surface_egl.cc(767)] EGL Driver message (Error) eglQueryDeviceAttribEXT: Bad attribute.
[0205/122133.229:ERROR:gl_surface_egl.cc(767)] EGL Driver message (Error) eglQueryDeviceAttribEXT: Bad attribute.
[0205/122133.230:ERROR:gl_surface_egl.cc(767)] EGL Driver message (Error) eglQueryDeviceAttribEXT: Bad attribute.
[0205/122136.022:ERROR:context_group.cc(154)] ContextResult::kFatalFailure: WebGL2 blocklisted
[0205/122140.983:INFO:CONSOLE(2)] "THREE.BufferAttribute: .setDynamic() has been deprecated. Use .setUsage() instead.", source: https://alelix.net/assets/vendor/vanta/three.min.js (2)
[0205/122140.999:INFO:CONSOLE(2)] "THREE.BufferGeometry: .addAttribute() has been renamed to .setAttribute().", source: https://alelix.net/assets/vendor/vanta/three.min.js (2)
[0205/122140.999:INFO:CONSOLE(2)] "THREE.BufferAttribute: .setDynamic() has been deprecated. Use .setUsage() instead.", source: https://alelix.net/assets/vendor/vanta/three.min.js (2)
[0205/122140.999:INFO:CONSOLE(2)] "THREE.BufferGeometry: .addAttribute() has been renamed to .setAttribute().", source: https://alelix.net/assets/vendor/vanta/three.min.js (2)
[0205/122532.666:ERROR:gl_surface_egl.cc(767)] EGL Driver message (Error) eglQueryDeviceAttribEXT: Bad attribute.
[0205/122532.668:ERROR:gl_surface_egl.cc(767)] EGL Driver message (Error) eglQueryDeviceAttribEXT: Bad attribute.
[0205/122532.671:ERROR:gl_surface_egl.cc(767)] EGL Driver message (Error) eglQueryDeviceAttribEXT: Bad attribute.
[0205/122532.731:ERROR:gl_surface_egl.cc(767)] EGL Driver message (Error) eglQueryDeviceAttribEXT: Bad attribute.
[0205/122532.732:ERROR:gl_surface_egl.cc(767)] EGL Driver message (Error) eglQueryDeviceAttribEXT: Bad attribute.
[0205/122534.408:INFO:CONSOLE(103)] "Mixed Content: The page at 'https://alelix.net/simple-ipam/' was loaded over HTTPS, but requested an insecure image 'http://placehold.it/1920x1080?text=Simple-Ipam'. This content should also be served over HTTPS.", source: https://alelix.net/simple-ipam/ (103)
[0205/122534.409:INFO:CONSOLE(116)] "Mixed Content: The page at 'https://alelix.net/simple-ipam/' was loaded over HTTPS, but requested an insecure image 'http://placehold.it/1920x1080?text=Simple-Ipam'. This content should also be served over HTTPS.", source: https://alelix.net/simple-ipam/ (116)
[0205/122534.409:INFO:CONSOLE(121)] "Mixed Content: The page at 'https://alelix.net/simple-ipam/' was loaded over HTTPS, but requested an insecure image 'http://placehold.it/1920x1080?text=Simple-Ipam'. This content should also be served over HTTPS.", source: https://alelix.net/simple-ipam/ (121)
[0205/122534.943:INFO:CONSOLE(9055)] "Download the Vue Devtools extension for a better development experience:
https://github.com/vuejs/vue-devtools", source: https://cdn.jsdelivr.net/npm/vue@2/dist/vue.js (9055)
[0205/122534.943:INFO:CONSOLE(9064)] "You are running Vue in development mode.
Make sure to turn on production mode when deploying for production.
See more tips at https://vuejs.org/guide/deployment.html", source: https://cdn.jsdelivr.net/npm/vue@2/dist/vue.js (9064)
